<?xml version="1.0" encoding="UTF-8"?>
<!-- Generated by org.testng.reporters.JUnitReportReporter -->
<testsuite hostname="Dipak-Kadam" failures="0" tests="1" name="com.basic.AllAnnotation" time="0.012" errors="0" timestamp="2023-04-19T14:42:48 IST" skipped="0">
  <testcase classname="com.basic.AllAnnotation" name="Test" time="0.012"/>
  <system-out/>
</testsuite> <!-- com.basic.AllAnnotation -->
