<?xml version="1.0" encoding="UTF-8"?>
<!-- Generated by org.testng.reporters.JUnitReportReporter -->
<testsuite hostname="Dipak-Kadam" failures="0" tests="1" name="com.basic.FirstScript" time="5.225" errors="0" timestamp="2023-04-19T00:52:47 IST" skipped="0">
  <testcase classname="com.basic.FirstScript" name="hello" time="5.225"/>
  <system-out/>
</testsuite> <!-- com.basic.FirstScript -->
