<?xml version="1.0" encoding="UTF-8"?>
<!-- Generated by org.testng.reporters.JUnitReportReporter -->
<testsuite hostname="Dipak-Kadam" failures="0" tests="1" name="com.basic.BeforeClass" time="0.019" errors="0" timestamp="2023-04-19T10:03:05 IST" skipped="0">
  <testcase classname="com.basic.BeforeClass" name="testcase" time="0.019"/>
  <system-out/>
</testsuite> <!-- com.basic.BeforeClass -->
