<?xml version="1.0" encoding="UTF-8"?>
<!-- Generated by org.testng.reporters.JUnitReportReporter -->
<testsuite hostname="Dipak-Kadam" failures="0" tests="1" name="com.basic.myBeforeClass" time="0.010" errors="0" timestamp="2023-04-19T10:46:49 IST" skipped="0">
  <testcase classname="com.basic.myBeforeClass" name="myTest" time="0.010"/>
  <system-out/>
</testsuite> <!-- com.basic.myBeforeClass -->
