<?xml version="1.0" encoding="UTF-8"?>
<!-- Generated by org.testng.reporters.JUnitReportReporter -->
<testsuite hostname="Dipak-Kadam" failures="0" tests="1" name="com.basic.FirstScript" time="3.543" errors="0" timestamp="2023-04-19T09:57:26 IST" skipped="0">
  <testcase classname="com.basic.FirstScript" name="hello" time="3.543"/>
  <system-out/>
</testsuite> <!-- com.basic.FirstScript -->
